2025/10/21 17:17:55 failed to sufficiently increase receive buffer size (was: 208 kiB, wanted: 7168 kiB, got: 416 kiB). See https://github.com/quic-go/quic-go/wiki/UDP-Buffer-Sizes for details.
2025/10/21 17:18:30 Panic: runtime error: invalid memory address or nil pointer dereference
Stack trace:
goroutine 1 [running]:
runtime/debug.Stack()
	/usr/lib/go/src/runtime/debug/stack.go:26 +0x5e
main.run.func1()
	/home/bitraven/Documents/Project/Hillside/cmd/client/main.go:27 +0x3f
panic({0x1424d40?, 0x244fbf0?})
	/usr/lib/go/src/runtime/panic.go:783 +0x132
github.com/rivo/tview.(*Application).Run.func1()
	/home/bitraven/go/pkg/mod/github.com/rivo/tview@v0.0.0-20250501113434-0c592cd31026/application.go:297 +0x45
panic({0x1424d40?, 0x244fbf0?})
	/usr/lib/go/src/runtime/panic.go:783 +0x132
hillside/internal/client.(*Client).parseAndDisplayDBMessages(0xc0003fd200, {0xc0028d9a30, 0x10})
	/home/bitraven/Documents/Project/Hillside/internal/client/handlers.go:478 +0x4bf
hillside/internal/client.(*Client).chatHandler(0xc0003fd200)
	/home/bitraven/Documents/Project/Hillside/internal/client/handlers.go:364 +0x218
hillside/internal/client.(*Client).JoinRoomHandler(0xc0003fd200, {0xc000d6d240, 0x10}, {0x0, 0x0})
	/home/bitraven/Documents/Project/Hillside/internal/client/handlers.go:319 +0x134b
hillside/internal/ui.(*ChatScreen).UpdateRoomList.(*ChatScreen).UpdateRoomList.func2.func3()
	/home/bitraven/Documents/Project/Hillside/internal/ui/chat.go:164 +0xa9
github.com/rivo/tview.(*List).MouseHandler.func1(0x12d8?, 0xc0005565d0, 0xc00042f200?)
	/home/bitraven/go/pkg/mod/github.com/rivo/tview@v0.0.0-20250501113434-0c592cd31026/list.go:742 +0x10a
github.com/rivo/tview.(*List).MouseHandler.(*Box).WrapMouseHandler.func2(0xc3c0?, 0xc000ceb8a8?, 0x420d25?)
	/home/bitraven/go/pkg/mod/github.com/rivo/tview@v0.0.0-20250501113434-0c592cd31026/box.go:230 +0x58
github.com/rivo/tview.(*Flex).MouseHandler.func1(0x3, 0xc0005565d0, 0xc003a18d40)
	/home/bitraven/go/pkg/mod/github.com/rivo/tview@v0.0.0-20250501113434-0c592cd31026/flex.go:239 +0xc3
github.com/rivo/tview.(*Flex).MouseHandler.(*Box).WrapMouseHandler.func2(0xdb30?, 0xc000ceb918?, 0x420d25?)
	/home/bitraven/go/pkg/mod/github.com/rivo/tview@v0.0.0-20250501113434-0c592cd31026/box.go:230 +0x58
github.com/rivo/tview.(*Flex).MouseHandler.func1(0x3, 0xc0005565d0, 0xc003a18d40)
	/home/bitraven/go/pkg/mod/github.com/rivo/tview@v0.0.0-20250501113434-0c592cd31026/flex.go:239 +0xc3
github.com/rivo/tview.(*Flex).MouseHandler.(*Box).WrapMouseHandler.func2(0xdb90?, 0xc000ceb988?, 0x420d25?)
	/home/bitraven/go/pkg/mod/github.com/rivo/tview@v0.0.0-20250501113434-0c592cd31026/box.go:230 +0x58
github.com/rivo/tview.(*Flex).MouseHandler.func1(0x3, 0xc0005565d0, 0xc003a18d40)
	/home/bitraven/go/pkg/mod/github.com/rivo/tview@v0.0.0-20250501113434-0c592cd31026/flex.go:239 +0xc3
github.com/rivo/tview.(*Flex).MouseHandler.(*Box).WrapMouseHandler.func2(0xdb00?, 0x47ec85?, 0x10?)
	/home/bitraven/go/pkg/mod/github.com/rivo/tview@v0.0.0-20250501113434-0c592cd31026/box.go:230 +0x58
github.com/rivo/tview.(*Pages).MouseHandler.func1(0x3, 0xc0005565d0, 0xc003a18d40)
	/home/bitraven/go/pkg/mod/github.com/rivo/tview@v0.0.0-20250501113434-0c592cd31026/pages.go:306 +0xca
github.com/rivo/tview.(*Pages).MouseHandler.(*Box).WrapMouseHandler.func2(0xdd10?, 0x45fa85?, 0xc000cebce0?)
	/home/bitraven/go/pkg/mod/github.com/rivo/tview@v0.0.0-20250501113434-0c592cd31026/box.go:230 +0x58
github.com/rivo/tview.(*Application).fireMouseActions.func1(0x6da0?)
	/home/bitraven/go/pkg/mod/github.com/rivo/tview@v0.0.0-20250501113434-0c592cd31026/application.go:534 +0x182
github.com/rivo/tview.(*Application).fireMouseActions(0xc000424000, 0xc0005565d0)
	/home/bitraven/go/pkg/mod/github.com/rivo/tview@v0.0.0-20250501113434-0c592cd31026/application.go:571 +0x2ad
github.com/rivo/tview.(*Application).Run(0xc000424000)
	/home/bitraven/go/pkg/mod/github.com/rivo/tview@v0.0.0-20250501113434-0c592cd31026/application.go:470 +0xa05
hillside/internal/client.StartClientApp(0x1388)
	/home/bitraven/Documents/Project/Hillside/internal/client/client.go:75 +0x6d1
main.run()
	/home/bitraven/Documents/Project/Hillside/cmd/client/main.go:36 +0xc9
main.main()
	/home/bitraven/Documents/Project/Hillside/cmd/client/main.go:21 +0x7d
